28/02/2011 3:59:29 PM:- Created: 28/02/2011; Acct: 01; Chart: 1000019; $Amount: 140.00; $Tax: 14.00; REFNO: 600047; DESCR: Client Bill 154423; Owner Code: NMEMO; Owner: 329; Invoice: -1; Creditor Code: ; WHO: DBS
28/02/2011 3:59:30 PM:- Created: 28/02/2011; Acct: 01; Chart: 3200; $Amount: -14.00; $Tax: 0.00; REFNO: 600047; DESCR: Client Bill 154423; Owner Code: NMEMO; Owner: 329; Invoice: -1; Creditor Code: ; WHO: DBS
28/02/2011 3:59:30 PM:- Created: 28/02/2011; Acct: 01; Chart: 3200; $Amount: -140.00; $Tax: 0.00; REFNO: 600047; DESCR: Client Bill 154423; Owner Code: NMEMO; Owner: 329; Invoice: -1; Creditor Code: ; WHO: DBS
28/02/2011 3:59:30 PM:- Created: 28/02/2011; Acct: 01; Chart: 4990; $Amount: 14.00; $Tax: 0.00; REFNO: 600047; DESCR: Client Bill 154423; Owner Code: NMEMO; Owner: 329; Invoice: -1; Creditor Code: ; WHO: DBS
5/04/2011 4:55:11 PM:- Created: 5/04/2011; Acct: 01; Chart: 3200; $Amount: 22.00; $Tax: 2.00; REFNO: 600070; DESCR: test; Owner Code: NMEMO; Owner: 363; Invoice: -1; Creditor Code: ; WHO: DBS
5/04/2011 4:55:11 PM:- Created: 5/04/2011; Acct: 01; Chart: 1000195; $Amount: -1.40; $Tax: 0.00; REFNO: 600070; DESCR: test; Owner Code: NMEMO; Owner: 363; Invoice: -1; Creditor Code: ; WHO: DBS
5/04/2011 4:55:11 PM:- Created: 5/04/2011; Acct: 01; Chart: 1000196; $Amount: -1.80; $Tax: 0.00; REFNO: 600070; DESCR: test; Owner Code: NMEMO; Owner: 363; Invoice: -1; Creditor Code: ; WHO: DBS
5/04/2011 4:55:11 PM:- Created: 5/04/2011; Acct: 01; Chart: 1000197; $Amount: -2.20; $Tax: 0.00; REFNO: 600070; DESCR: test; Owner Code: NMEMO; Owner: 363; Invoice: -1; Creditor Code: ; WHO: DBS
5/04/2011 4:55:11 PM:- Created: 5/04/2011; Acct: 01; Chart: 1000199; $Amount: -1.80; $Tax: 0.00; REFNO: 600070; DESCR: test; Owner Code: NMEMO; Owner: 363; Invoice: -1; Creditor Code: ; WHO: DBS
5/04/2011 4:55:11 PM:- Created: 5/04/2011; Acct: 01; Chart: 1000200; $Amount: -2.20; $Tax: 0.00; REFNO: 600070; DESCR: test; Owner Code: NMEMO; Owner: 363; Invoice: -1; Creditor Code: ; WHO: DBS
5/04/2011 4:55:11 PM:- Created: 5/04/2011; Acct: 01; Chart: 1000201; $Amount: -0.80; $Tax: 0.00; REFNO: 600070; DESCR: test; Owner Code: NMEMO; Owner: 363; Invoice: -1; Creditor Code: ; WHO: DBS
5/04/2011 4:55:11 PM:- Created: 5/04/2011; Acct: 01; Chart: 1000202; $Amount: -1.40; $Tax: 0.00; REFNO: 600070; DESCR: test; Owner Code: NMEMO; Owner: 363; Invoice: -1; Creditor Code: ; WHO: DBS
5/04/2011 4:55:11 PM:- Created: 5/04/2011; Acct: 01; Chart: 1000203; $Amount: -0.60; $Tax: 0.00; REFNO: 600070; DESCR: test; Owner Code: NMEMO; Owner: 363; Invoice: -1; Creditor Code: ; WHO: DBS
5/04/2011 4:55:11 PM:- Created: 5/04/2011; Acct: 01; Chart: 1000204; $Amount: -0.80; $Tax: 0.00; REFNO: 600070; DESCR: test; Owner Code: NMEMO; Owner: 363; Invoice: -1; Creditor Code: ; WHO: DBS
5/04/2011 4:55:11 PM:- Created: 5/04/2011; Acct: 01; Chart: 1000205; $Amount: -0.40; $Tax: 0.00; REFNO: 600070; DESCR: test; Owner Code: NMEMO; Owner: 363; Invoice: -1; Creditor Code: ; WHO: DBS
5/04/2011 4:55:11 PM:- Created: 5/04/2011; Acct: 01; Chart: 1000206; $Amount: -0.40; $Tax: 0.00; REFNO: 600070; DESCR: test; Owner Code: NMEMO; Owner: 363; Invoice: -1; Creditor Code: ; WHO: DBS
5/04/2011 4:55:12 PM:- Created: 5/04/2011; Acct: 01; Chart: 1000207; $Amount: -0.60; $Tax: 0.00; REFNO: 600070; DESCR: test; Owner Code: NMEMO; Owner: 363; Invoice: -1; Creditor Code: ; WHO: DBS
5/04/2011 4:55:12 PM:- Created: 5/04/2011; Acct: 01; Chart: 1000208; $Amount: -1.20; $Tax: 0.00; REFNO: 600070; DESCR: test; Owner Code: NMEMO; Owner: 363; Invoice: -1; Creditor Code: ; WHO: DBS
5/04/2011 4:55:12 PM:- Created: 5/04/2011; Acct: 01; Chart: 1000209; $Amount: -1.60; $Tax: 0.00; REFNO: 600070; DESCR: test; Owner Code: NMEMO; Owner: 363; Invoice: -1; Creditor Code: ; WHO: DBS
5/04/2011 4:55:12 PM:- Created: 5/04/2011; Acct: 01; Chart: 1000210; $Amount: -2.00; $Tax: 0.00; REFNO: 600070; DESCR: test; Owner Code: NMEMO; Owner: 363; Invoice: -1; Creditor Code: ; WHO: DBS
5/04/2011 4:55:12 PM:- Created: 5/04/2011; Acct: 01; Chart: 1000198; $Amount: -0.80; $Tax: 0.00; REFNO: 600070; DESCR: test; Owner Code: NMEMO; Owner: 363; Invoice: -1; Creditor Code: ; WHO: DBS
5/04/2011 4:55:12 PM:- Created: 5/04/2011; Acct: 01; Chart: 4990; $Amount: -2.00; $Tax: 0.00; REFNO: 600070; DESCR: test; Owner Code: NMEMO; Owner: 363; Invoice: -1; Creditor Code: ; WHO: DBS
11/04/2011 4:30:29 PM:- Created: 11/04/2011; Acct: 01; Chart: 1000002; $Amount: -660.00; $Tax: 0.00; REFNO: 00075; DESCR: Test; Owner Code: RECEIPT; Owner: 275; Invoice: -1; Creditor Code: ; WHO: DBS
11/04/2011 4:30:30 PM:- Created: 11/04/2011; Acct: 01; Chart: 3200; $Amount: 660.00; $Tax: 0.00; REFNO: 00075; DESCR: Test; Owner Code: RECEIPT; Owner: 275; Invoice: -1; Creditor Code: ; WHO: DBS
11/04/2011 8:57:12 PM:- Created: 11/04/2011; Acct: 01; Chart: 1000002; $Amount: -500.00; $Tax: 0.00; REFNO: 00076; DESCR: Test; Owner Code: RECEIPT; Owner: 278; Invoice: -1; Creditor Code: ; WHO: DBS
11/04/2011 8:57:13 PM:- Created: 11/04/2011; Acct: 01; Chart: 3200; $Amount: 500.00; $Tax: 0.00; REFNO: 00076; DESCR: Test; Owner Code: RECEIPT; Owner: 278; Invoice: -1; Creditor Code: ; WHO: DBS
12/04/2011 11:13:45 PM:- Created: 12/04/2011; Acct: 01; Chart: 1000034; $Amount: 2393.03; $Tax: 239.30; REFNO: 600077; DESCR: Client Bill 154416; Owner Code: NMEMO; Owner: 258; Invoice: -1; Creditor Code: ; WHO: DBS
12/04/2011 11:13:45 PM:- Created: 12/04/2011; Acct: 01; Chart: 3200; $Amount: -239.30; $Tax: 0.00; REFNO: 600077; DESCR: Client Bill 154416; Owner Code: NMEMO; Owner: 258; Invoice: -1; Creditor Code: ; WHO: DBS
12/04/2011 11:13:45 PM:- Created: 12/04/2011; Acct: 01; Chart: 3200; $Amount: -2393.03; $Tax: 0.00; REFNO: 600077; DESCR: Client Bill 154416; Owner Code: NMEMO; Owner: 258; Invoice: -1; Creditor Code: ; WHO: DBS
12/04/2011 11:13:45 PM:- Created: 12/04/2011; Acct: 01; Chart: 1000034; $Amount: 500.00; $Tax: 50.00; REFNO: 600077; DESCR: Client Bill 154416; Owner Code: NMEMO; Owner: 258; Invoice: -1; Creditor Code: ; WHO: DBS
12/04/2011 11:13:45 PM:- Created: 12/04/2011; Acct: 01; Chart: 3200; $Amount: -50.00; $Tax: 0.00; REFNO: 600077; DESCR: Client Bill 154416; Owner Code: NMEMO; Owner: 258; Invoice: -1; Creditor Code: ; WHO: DBS
12/04/2011 11:13:45 PM:- Created: 12/04/2011; Acct: 01; Chart: 3200; $Amount: -500.00; $Tax: 0.00; REFNO: 600077; DESCR: Client Bill 154416; Owner Code: NMEMO; Owner: 258; Invoice: -1; Creditor Code: ; WHO: DBS
12/04/2011 11:13:46 PM:- Created: 12/04/2011; Acct: 01; Chart: 1000066; $Amount: 92.23; $Tax: 0.00; REFNO: 600077; DESCR: Client Bill 154416; Owner Code: NMEMO; Owner: 258; Invoice: -1; Creditor Code: ; WHO: DBS
12/04/2011 11:13:46 PM:- Created: 12/04/2011; Acct: 01; Chart: 3200; $Amount: -92.23; $Tax: 0.00; REFNO: 600077; DESCR: Client Bill 154416; Owner Code: NMEMO; Owner: 258; Invoice: -1; Creditor Code: ; WHO: DBS
12/04/2011 11:13:46 PM:- Created: 12/04/2011; Acct: 01; Chart: 1001008; $Amount: 6000.00; $Tax: 600.00; REFNO: 600077; DESCR: Client Bill 154416; Owner Code: NMEMO; Owner: 258; Invoice: -1; Creditor Code: ; WHO: DBS
12/04/2011 11:13:46 PM:- Created: 12/04/2011; Acct: 01; Chart: 3200; $Amount: -6000.00; $Tax: 0.00; REFNO: 600077; DESCR: Client Bill 154416; Owner Code: NMEMO; Owner: 258; Invoice: -1; Creditor Code: ; WHO: DBS
12/04/2011 11:13:46 PM:- Created: 12/04/2011; Acct: 01; Chart: 3200; $Amount: -600.00; $Tax: 0.00; REFNO: 600077; DESCR: Client Bill 154416; Owner Code: NMEMO; Owner: 258; Invoice: -1; Creditor Code: ; WHO: DBS
12/04/2011 11:13:47 PM:- Created: 12/04/2011; Acct: 01; Chart: 3300; $Amount: 500.00; $Tax: 90.00; REFNO: 600077; DESCR: Client Bill 154416; Owner Code: NMEMO; Owner: 258; Invoice: -1; Creditor Code: ; WHO: DBS
12/04/2011 11:13:47 PM:- Created: 12/04/2011; Acct: 01; Chart: 3200; $Amount: -500.00; $Tax: 0.00; REFNO: 600077; DESCR: Client Bill 154416; Owner Code: NMEMO; Owner: 258; Invoice: -1; Creditor Code: ; WHO: DBS
12/04/2011 11:13:47 PM:- Created: 12/04/2011; Acct: 01; Chart: 3200; $Amount: -50.00; $Tax: 0.00; REFNO: 600077; DESCR: Client Bill 154416; Owner Code: NMEMO; Owner: 258; Invoice: -1; Creditor Code: ; WHO: DBS
12/04/2011 11:13:47 PM:- Created: 12/04/2011; Acct: 01; Chart: 3200; $Amount: -400.00; $Tax: 0.00; REFNO: 600077; DESCR: Client Bill 154416; Owner Code: NMEMO; Owner: 258; Invoice: -1; Creditor Code: ; WHO: DBS
12/04/2011 11:13:47 PM:- Created: 12/04/2011; Acct: 01; Chart: 1001007; $Amount: 400.00; $Tax: 0.00; REFNO: 600077; DESCR: Client Bill 154416; Owner Code: NMEMO; Owner: 258; Invoice: -1; Creditor Code: ; WHO: DBS
12/04/2011 11:13:47 PM:- Created: 12/04/2011; Acct: 01; Chart: 3200; $Amount: -40.00; $Tax: 0.00; REFNO: 600077; DESCR: Client Bill 154416; Owner Code: NMEMO; Owner: 258; Invoice: -1; Creditor Code: ; WHO: DBS
12/04/2011 11:13:48 PM:- Created: 12/04/2011; Acct: 01; Chart: 4990; $Amount: 979.30; $Tax: 0.00; REFNO: 600077; DESCR: Client Bill 154416; Owner Code: NMEMO; Owner: 258; Invoice: -1; Creditor Code: ; WHO: DBS
12/04/2011 11:34:37 PM:- Created: 12/04/2011; Acct: 01; Chart: 1000002; $Amount: -10864.56; $Tax: 0.00; REFNO: 00077; DESCR: Trust Transfer from T1 00026; Owner Code: RECEIPT; Owner: 280; Invoice: -1; Creditor Code: ; WHO: DBS
12/04/2011 11:34:37 PM:- Created: 12/04/2011; Acct: 01; Chart: 3200; $Amount: 3182.33; $Tax: 0.00; REFNO: 00077; DESCR: Trust Transfer from T1 00026; Owner Code: RECEIPT; Owner: 280; Invoice: -1; Creditor Code: ; WHO: DBS
12/04/2011 11:34:37 PM:- Created: 12/04/2011; Acct: 01; Chart: 3200; $Amount: 550.00; $Tax: 0.00; REFNO: 00077; DESCR: Trust Transfer from T1 00026; Owner Code: RECEIPT; Owner: 280; Invoice: -1; Creditor Code: ; WHO: DBS
12/04/2011 11:34:37 PM:- Created: 12/04/2011; Acct: 01; Chart: 3200; $Amount: 6600.00; $Tax: 0.00; REFNO: 00077; DESCR: Trust Transfer from T1 00026; Owner Code: RECEIPT; Owner: 280; Invoice: -1; Creditor Code: ; WHO: DBS
12/04/2011 11:34:38 PM:- Created: 12/04/2011; Acct: 01; Chart: 3200; $Amount: 440.00; $Tax: 0.00; REFNO: 00077; DESCR: Trust Transfer from T1 00026; Owner Code: RECEIPT; Owner: 280; Invoice: -1; Creditor Code: ; WHO: DBS
12/04/2011 11:34:38 PM:- Created: 12/04/2011; Acct: 01; Chart: 3200; $Amount: 92.23; $Tax: 0.00; REFNO: 00077; DESCR: Trust Transfer from T1 00026; Owner Code: RECEIPT; Owner: 280; Invoice: -1; Creditor Code: ; WHO: DBS
13/04/2011 3:45:24 PM:- Created: 13/04/2011; Acct: 01; Chart: 4990; $Amount: -55.50; $Tax: 0.00; REFNO: 600077; DESCR: 600077:test; Owner Code: JOURNAL; Owner: 31064; Invoice: -1; Creditor Code: ; WHO: DBS
13/04/2011 3:45:24 PM:- Created: 13/04/2011; Acct: 01; Chart: 1000050; $Amount: -555.00; $Tax: 0.00; REFNO: 600077; DESCR: 600077:test; Owner Code: JOURNAL; Owner: 31064; Invoice: -1; Creditor Code: ; WHO: DBS
13/04/2011 3:45:24 PM:- Created: 13/04/2011; Acct: 01; Chart: 3200; $Amount: 610.50; $Tax: 0.00; REFNO: 600077; DESCR: 600077:test; Owner Code: JOURNAL; Owner: 31064; Invoice: -1; Creditor Code: ; WHO: DBS
14/04/2011 4:30:41 PM:- Created: 14/04/2011; Acct: 01; Chart: 1000002; $Amount: 4874.00; $Tax: 0.00; REFNO: ; DESCR: New Chairs; Owner Code: CHEQUE; Owner: 242; Invoice: -1; Creditor Code: ; WHO: DBS
14/04/2011 4:30:42 PM:- Created: 14/04/2011; Acct: 01; Chart: 1001006; $Amount: -440.00; $Tax: 0.00; REFNO: ; DESCR: New Chairs; Owner Code: CHEQUE; Owner: 242; Invoice: 11; Creditor Code: ; WHO: DBS
14/04/2011 4:30:42 PM:- Created: 14/04/2011; Acct: 01; Chart: 1001005; $Amount: -220.00; $Tax: 0.00; REFNO: ; DESCR: New Chairs; Owner Code: CHEQUE; Owner: 242; Invoice: 25; Creditor Code: ; WHO: DBS
14/04/2011 4:30:42 PM:- Created: 14/04/2011; Acct: 01; Chart: 1001006; $Amount: -44.00; $Tax: 0.00; REFNO: ; DESCR: New Chairs; Owner Code: CHEQUE; Owner: 242; Invoice: 76; Creditor Code: ; WHO: DBS
14/04/2011 4:30:43 PM:- Created: 14/04/2011; Acct: 01; Chart: 1001005; $Amount: -4250.00; $Tax: 0.00; REFNO: ; DESCR: New Chairs; Owner Code: CHEQUE; Owner: 242; Invoice: 84; Creditor Code: ; WHO: DBS
14/04/2011 4:30:43 PM:- Created: 14/04/2011; Acct: 01; Chart: 1000002; $Amount: 12684.50; $Tax: 0.00; REFNO: ; DESCR: Report Fees; Owner Code: CHEQUE; Owner: 240; Invoice: -1; Creditor Code: ; WHO: DBS
14/04/2011 4:30:43 PM:- Created: 14/04/2011; Acct: 01; Chart: 1001006; $Amount: -990.00; $Tax: 0.00; REFNO: ; DESCR: Report Fees; Owner Code: CHEQUE; Owner: 240; Invoice: 8; Creditor Code: ; WHO: DBS
14/04/2011 4:30:43 PM:- Created: 14/04/2011; Acct: 01; Chart: 1001006; $Amount: -3300.00; $Tax: 0.00; REFNO: ; DESCR: Report Fees; Owner Code: CHEQUE; Owner: 240; Invoice: 24; Creditor Code: ; WHO: DBS
14/04/2011 4:30:44 PM:- Created: 14/04/2011; Acct: 01; Chart: 1001006; $Amount: -3300.00; $Tax: 0.00; REFNO: ; DESCR: Report Fees; Owner Code: CHEQUE; Owner: 240; Invoice: 44; Creditor Code: ; WHO: DBS
14/04/2011 4:30:44 PM:- Created: 14/04/2011; Acct: 01; Chart: 1001006; $Amount: -3214.50; $Tax: 0.00; REFNO: ; DESCR: Report Fees; Owner Code: CHEQUE; Owner: 240; Invoice: 65; Creditor Code: ; WHO: DBS
14/04/2011 4:30:44 PM:- Created: 14/04/2011; Acct: 01; Chart: 1001006; $Amount: -2100.00; $Tax: 0.00; REFNO: ; DESCR: Report Fees; Owner Code: CHEQUE; Owner: 240; Invoice: 66; Creditor Code: ; WHO: DBS
14/04/2011 4:30:45 PM:- Created: 14/04/2011; Acct: 01; Chart: 1001006; $Amount: -110.00; $Tax: 0.00; REFNO: ; DESCR: Report Fees; Owner Code: CHEQUE; Owner: 240; Invoice: 74; Creditor Code: ; WHO: DBS
14/04/2011 8:04:53 PM:- Created: 14/04/2011; Acct: 01; Chart: 1000030; $Amount: 845.00; $Tax: 84.50; REFNO: 600010; DESCR: Client Bill 154375; Owner Code: NMEMO; Owner: 212; Invoice: -1; Creditor Code: ; WHO: DBS
14/04/2011 8:04:53 PM:- Created: 14/04/2011; Acct: 01; Chart: 3200; $Amount: -84.50; $Tax: 0.00; REFNO: 600010; DESCR: Client Bill 154375; Owner Code: NMEMO; Owner: 212; Invoice: -1; Creditor Code: ; WHO: DBS
14/04/2011 8:04:54 PM:- Created: 14/04/2011; Acct: 01; Chart: 3200; $Amount: -845.00; $Tax: 0.00; REFNO: 600010; DESCR: Client Bill 154375; Owner Code: NMEMO; Owner: 212; Invoice: -1; Creditor Code: ; WHO: DBS
14/04/2011 8:04:54 PM:- Created: 14/04/2011; Acct: 01; Chart: 1000030; $Amount: 50.00; $Tax: 5.00; REFNO: 600010; DESCR: Client Bill 154375; Owner Code: NMEMO; Owner: 212; Invoice: -1; Creditor Code: ; WHO: DBS
14/04/2011 8:04:54 PM:- Created: 14/04/2011; Acct: 01; Chart: 3200; $Amount: -5.00; $Tax: 0.00; REFNO: 600010; DESCR: Client Bill 154375; Owner Code: NMEMO; Owner: 212; Invoice: -1; Creditor Code: ; WHO: DBS
14/04/2011 8:04:54 PM:- Created: 14/04/2011; Acct: 01; Chart: 3200; $Amount: -50.00; $Tax: 0.00; REFNO: 600010; DESCR: Client Bill 154375; Owner Code: NMEMO; Owner: 212; Invoice: -1; Creditor Code: ; WHO: DBS
14/04/2011 8:04:54 PM:- Created: 14/04/2011; Acct: 01; Chart: 1000030; $Amount: 100.00; $Tax: 10.00; REFNO: 600010; DESCR: Client Bill 154375; Owner Code: NMEMO; Owner: 212; Invoice: -1; Creditor Code: ; WHO: DBS
14/04/2011 8:04:54 PM:- Created: 14/04/2011; Acct: 01; Chart: 3200; $Amount: -10.00; $Tax: 0.00; REFNO: 600010; DESCR: Client Bill 154375; Owner Code: NMEMO; Owner: 212; Invoice: -1; Creditor Code: ; WHO: DBS
14/04/2011 8:04:55 PM:- Created: 14/04/2011; Acct: 01; Chart: 3200; $Amount: -100.00; $Tax: 0.00; REFNO: 600010; DESCR: Client Bill 154375; Owner Code: NMEMO; Owner: 212; Invoice: -1; Creditor Code: ; WHO: DBS
14/04/2011 8:04:55 PM:- Created: 14/04/2011; Acct: 01; Chart: 1000062; $Amount: 192.77; $Tax: 0.00; REFNO: 600010; DESCR: Client Bill 154375; Owner Code: NMEMO; Owner: 212; Invoice: -1; Creditor Code: ; WHO: DBS
14/04/2011 8:04:55 PM:- Created: 14/04/2011; Acct: 01; Chart: 3200; $Amount: -192.77; $Tax: 0.00; REFNO: 600010; DESCR: Client Bill 154375; Owner Code: NMEMO; Owner: 212; Invoice: -1; Creditor Code: ; WHO: DBS
14/04/2011 8:04:55 PM:- Created: 14/04/2011; Acct: 01; Chart: 3300; $Amount: 800.00; $Tax: 130.00; REFNO: 600010; DESCR: Client Bill 154375; Owner Code: NMEMO; Owner: 212; Invoice: -1; Creditor Code: ; WHO: DBS
14/04/2011 8:04:55 PM:- Created: 14/04/2011; Acct: 01; Chart: 3200; $Amount: -800.00; $Tax: 0.00; REFNO: 600010; DESCR: Client Bill 154375; Owner Code: NMEMO; Owner: 212; Invoice: -1; Creditor Code: ; WHO: DBS
14/04/2011 8:04:56 PM:- Created: 14/04/2011; Acct: 01; Chart: 3200; $Amount: -80.00; $Tax: 0.00; REFNO: 600010; DESCR: Client Bill 154375; Owner Code: NMEMO; Owner: 212; Invoice: -1; Creditor Code: ; WHO: DBS
14/04/2011 8:04:56 PM:- Created: 14/04/2011; Acct: 01; Chart: 3200; $Amount: -500.00; $Tax: 0.00; REFNO: 600010; DESCR: Client Bill 154375; Owner Code: NMEMO; Owner: 212; Invoice: -1; Creditor Code: ; WHO: DBS
14/04/2011 8:04:56 PM:- Created: 14/04/2011; Acct: 01; Chart: 1001007; $Amount: 500.00; $Tax: 0.00; REFNO: 600010; DESCR: Client Bill 154375; Owner Code: NMEMO; Owner: 212; Invoice: -1; Creditor Code: ; WHO: DBS
14/04/2011 8:04:56 PM:- Created: 14/04/2011; Acct: 01; Chart: 3200; $Amount: -50.00; $Tax: 0.00; REFNO: 600010; DESCR: Client Bill 154375; Owner Code: NMEMO; Owner: 212; Invoice: -1; Creditor Code: ; WHO: DBS
14/04/2011 8:04:56 PM:- Created: 14/04/2011; Acct: 01; Chart: 4990; $Amount: 229.50; $Tax: 0.00; REFNO: 600010; DESCR: Client Bill 154375; Owner Code: NMEMO; Owner: 212; Invoice: -1; Creditor Code: ; WHO: DBS
14/04/2011 8:10:00 PM:- Created: 14/04/2011; Acct: 01; Chart: 1000022; $Amount: 1.00; $Tax: 0.10; REFNO: 600033; DESCR: Client Bill 154295; Owner Code: NMEMO; Owner: 127; Invoice: -1; Creditor Code: ; WHO: DBS
14/04/2011 8:10:00 PM:- Created: 14/04/2011; Acct: 01; Chart: 3200; $Amount: -0.10; $Tax: 0.00; REFNO: 600033; DESCR: Client Bill 154295; Owner Code: NMEMO; Owner: 127; Invoice: -1; Creditor Code: ; WHO: DBS
14/04/2011 8:10:00 PM:- Created: 14/04/2011; Acct: 01; Chart: 3200; $Amount: -1.00; $Tax: 0.00; REFNO: 600033; DESCR: Client Bill 154295; Owner Code: NMEMO; Owner: 127; Invoice: -1; Creditor Code: ; WHO: DBS
14/04/2011 8:10:00 PM:- Created: 14/04/2011; Acct: 01; Chart: 1001008; $Amount: 20.00; $Tax: 0.00; REFNO: 600033; DESCR: Client Bill 154295; Owner Code: NMEMO; Owner: 127; Invoice: -1; Creditor Code: ; WHO: DBS
14/04/2011 8:10:01 PM:- Created: 14/04/2011; Acct: 01; Chart: 3200; $Amount: -20.00; $Tax: 0.00; REFNO: 600033; DESCR: Client Bill 154295; Owner Code: NMEMO; Owner: 127; Invoice: -1; Creditor Code: ; WHO: DBS
14/04/2011 8:10:01 PM:- Created: 14/04/2011; Acct: 01; Chart: 4990; $Amount: 0.10; $Tax: 0.00; REFNO: 600033; DESCR: Client Bill 154295; Owner Code: NMEMO; Owner: 127; Invoice: -1; Creditor Code: ; WHO: DBS
15/04/2011 8:30:58 PM:- Created: 15/04/2011; Acct: 01; Chart: 3300; $Amount: -100.00; $Tax: -10.00; REFNO: 31065; DESCR: Reversal of payment due to refund; Owner Code: JOURNAL; Owner: 31065; Invoice: -1; Creditor Code: ; WHO: DBS
15/04/2011 8:30:58 PM:- Created: 15/04/2011; Acct: 01; Chart: 4995; $Amount: -10.00; $Tax: 0.00; REFNO: 31065; DESCR: Reversal of payment due to refund; Owner Code: JOURNAL; Owner: 31065; Invoice: -1; Creditor Code: ; WHO: DBS
15/04/2011 8:30:58 PM:- Created: 15/04/2011; Acct: 01; Chart: 1000352; $Amount: 110.00; $Tax: 0.00; REFNO: 31065; DESCR: Reversal of payment due to refund; Owner Code: JOURNAL; Owner: 31065; Invoice: -1; Creditor Code: ; WHO: DBS
20/04/2011 11:13:02 AM:- Created: 20/04/2011; Acct: 01; Chart: 3300; $Amount: 100.00; $Tax: 10.00; REFNO: 111; DESCR: dfgdfgdfg; Owner Code: INVOICE; Owner: 238; Invoice: 90; Creditor Code: BRIAN01; WHO: DBS
20/04/2011 11:13:02 AM:- Created: 20/04/2011; Acct: 01; Chart: 4995; $Amount: 10.00; $Tax: 0.00; REFNO: 111; DESCR: dfgdfgdfg; Owner Code: INVOICE; Owner: 238; Invoice: 90; Creditor Code: BRIAN01; WHO: DBS
20/04/2011 11:13:02 AM:- Created: 20/04/2011; Acct: 01; Chart: 1001005; $Amount: -110.00; $Tax: 0.00; REFNO: 111; DESCR: Dssdffsda; Owner Code: INVOICE; Owner: 238; Invoice: 90; Creditor Code: BRIAN01; WHO: DBS
9/05/2011 3:24:59 PM:- Created: 9/05/2011; Acct: 01; Chart: 11200; $Amount: -191.30; $Tax: -28.70; REFNO: 115; DESCR: Test; Owner Code: JOURNAL; Owner: 115; Invoice: -1; Creditor Code: ; WHO: DBS
9/05/2011 3:25:00 PM:- Created: 9/05/2011; Acct: 01; Chart: 1001123; $Amount: -28.70; $Tax: 0.00; REFNO: 115; DESCR: Test; Owner Code: JOURNAL; Owner: 115; Invoice: -1; Creditor Code: ; WHO: DBS
9/05/2011 3:25:00 PM:- Created: 9/05/2011; Acct: 01; Chart: 11205; $Amount: 220.00; $Tax: 0.00; REFNO: 115; DESCR: Test; Owner Code: JOURNAL; Owner: 115; Invoice: -1; Creditor Code: ; WHO: DBS
6/06/2011 5:15:54 PM:- Created: 6/06/2011; Acct: 01; Chart: 1000027; $Amount: 43501.50; $Tax: 4350.15; REFNO: 600018; DESCR: Client Bill 154446; Owner Code: NMEMO; Owner: 248; Invoice: -1; Creditor Code: ; WHO: DBS
6/06/2011 5:16:43 PM:- Created: 6/06/2011; Acct: 01; Chart: 1000027; $Amount: 43501.50; $Tax: 4350.15; REFNO: 600018; DESCR: Client Bill 154446; Owner Code: NMEMO; Owner: 248; Invoice: -1; Creditor Code: ; WHO: DBS
6/06/2011 5:17:18 PM:- Created: 6/06/2011; Acct: 01; Chart: 1000034; $Amount: 30.00; $Tax: 3.00; REFNO: 600151; DESCR: Client Bill 154447; Owner Code: NMEMO; Owner: 365; Invoice: -1; Creditor Code: ; WHO: DBS
6/06/2011 5:18:02 PM:- Created: 6/06/2011; Acct: 01; Chart: 1000034; $Amount: 30.00; $Tax: 3.00; REFNO: 600151; DESCR: Client Bill 154447; Owner Code: NMEMO; Owner: 365; Invoice: -1; Creditor Code: ; WHO: DBS
6/06/2011 5:18:02 PM:- Created: 6/06/2011; Acct: 01; Chart: 3200; $Amount: -3.00; $Tax: 0.00; REFNO: 600151; DESCR: Client Bill 154447; Owner Code: NMEMO; Owner: 365; Invoice: -1; Creditor Code: ; WHO: DBS
6/06/2011 5:18:02 PM:- Created: 6/06/2011; Acct: 01; Chart: 3200; $Amount: -30.00; $Tax: 0.00; REFNO: 600151; DESCR: Client Bill 154447; Owner Code: NMEMO; Owner: 365; Invoice: -1; Creditor Code: ; WHO: DBS
6/06/2011 5:18:03 PM:- Created: 6/06/2011; Acct: 01; Chart: 4990; $Amount: 3.00; $Tax: 0.00; REFNO: 600151; DESCR: Client Bill 154447; Owner Code: NMEMO; Owner: 365; Invoice: -1; Creditor Code: ; WHO: DBS
10/06/2011 11:32:54 AM:- Created: 10/06/2011; Acct: 01; Chart: 1000002; $Amount: -10.00; $Tax: 0.00; REFNO: 00076; DESCR: Test; Owner Code: RECEIPT; Owner: 285; Invoice: -1; Creditor Code: ; WHO: DBS
10/06/2011 11:32:55 AM:- Created: 10/06/2011; Acct: 01; Chart: 3200; $Amount: 10.00; $Tax: 0.00; REFNO: 00076; DESCR: Test; Owner Code: RECEIPT; Owner: 285; Invoice: -1; Creditor Code: ; WHO: DBS
11/07/2011 3:52:52 PM:- Created: 3/06/2011; Acct: BS; Chart: 1000100; $Amount: 18207.00; $Tax: 1820.70; REFNO: FRI11; DESCR: Client Bill 3051; Owner Code: NMEMO; Owner: 1105; Invoice: -1; Creditor Code: ; WHO: AES
11/07/2011 3:52:59 PM:- Created: 3/06/2011; Acct: BS; Chart: 1000065; $Amount: -1820.70; $Tax: 0.00; REFNO: FRI11; DESCR: Client Bill 3051; Owner Code: NMEMO; Owner: 1105; Invoice: -1; Creditor Code: ; WHO: AES
11/07/2011 3:53:02 PM:- Created: 3/06/2011; Acct: BS; Chart: 1000065; $Amount: -18207.00; $Tax: 0.00; REFNO: FRI11; DESCR: Client Bill 3051; Owner Code: NMEMO; Owner: 1105; Invoice: -1; Creditor Code: ; WHO: AES
11/07/2011 3:54:04 PM:- Created: 3/06/2011; Acct: BS; Chart: 1000102; $Amount: 1820.70; $Tax: 0.00; REFNO: FRI11; DESCR: Client Bill 3051; Owner Code: NMEMO; Owner: 1105; Invoice: -1; Creditor Code: ; WHO: AES
11/07/2011 3:58:36 PM:- Created: 5/07/2011; Acct: BS; Chart: 1000100; $Amount: 18207.00; $Tax: 1820.70; REFNO: FRI11; DESCR: Client Bill 3051; Owner Code: NMEMO; Owner: 1105; Invoice: -1; Creditor Code: ; WHO: AES
11/07/2011 3:58:36 PM:- Created: 5/07/2011; Acct: BS; Chart: 1000065; $Amount: -1820.70; $Tax: 0.00; REFNO: FRI11; DESCR: Client Bill 3051; Owner Code: NMEMO; Owner: 1105; Invoice: -1; Creditor Code: ; WHO: AES
11/07/2011 3:58:37 PM:- Created: 5/07/2011; Acct: BS; Chart: 1000065; $Amount: -18207.00; $Tax: 0.00; REFNO: FRI11; DESCR: Client Bill 3051; Owner Code: NMEMO; Owner: 1105; Invoice: -1; Creditor Code: ; WHO: AES
11/07/2011 3:58:37 PM:- Created: 5/07/2011; Acct: BS; Chart: 1000102; $Amount: 1820.70; $Tax: 0.00; REFNO: FRI11; DESCR: Client Bill 3051; Owner Code: NMEMO; Owner: 1105; Invoice: -1; Creditor Code: ; WHO: AES
11/07/2011 4:04:18 PM:- Created: 3/06/2011; Acct: BS; Chart: 1000100; $Amount: 18207.00; $Tax: 1820.70; REFNO: FRI11; DESCR: Client Bill 3051; Owner Code: NMEMO; Owner: 1105; Invoice: -1; Creditor Code: ; WHO: AES
11/07/2011 4:04:18 PM:- Created: 3/06/2011; Acct: BS; Chart: 1000065; $Amount: -1820.70; $Tax: 0.00; REFNO: FRI11; DESCR: Client Bill 3051; Owner Code: NMEMO; Owner: 1105; Invoice: -1; Creditor Code: ; WHO: AES
11/07/2011 4:04:18 PM:- Created: 3/06/2011; Acct: BS; Chart: 1000065; $Amount: -18207.00; $Tax: 0.00; REFNO: FRI11; DESCR: Client Bill 3051; Owner Code: NMEMO; Owner: 1105; Invoice: -1; Creditor Code: ; WHO: AES
11/07/2011 4:04:19 PM:- Created: 3/06/2011; Acct: BS; Chart: 1000102; $Amount: 1820.70; $Tax: 0.00; REFNO: FRI11; DESCR: Client Bill 3051; Owner Code: NMEMO; Owner: 1105; Invoice: -1; Creditor Code: ; WHO: AES
11/07/2011 4:05:11 PM:- Created: 2/05/2011; Acct: BS; Chart: 1000100; $Amount: 8491.00; $Tax: 0.00; REFNO: BF04; DESCR: Client Bill 3044; Owner Code: NMEMO; Owner: 1093; Invoice: -1; Creditor Code: ; WHO: AES
11/07/2011 4:05:11 PM:- Created: 2/05/2011; Acct: BS; Chart: 1000065; $Amount: -8491.00; $Tax: 0.00; REFNO: BF04; DESCR: Client Bill 3044; Owner Code: NMEMO; Owner: 1093; Invoice: -1; Creditor Code: ; WHO: AES
27/07/2011 10:57:02 AM:- Created: 27/07/2011; Acct: 01; Chart: 3200; $Amount: 1200.00; $Tax: 109.09; REFNO: 600011; DESCR: not pay; Owner Code: NMEMO; Owner: 372; Invoice: -1; Creditor Code: ; WHO: DBS
27/07/2011 10:57:02 AM:- Created: 27/07/2011; Acct: 01; Chart: 1000022; $Amount: -1090.91; $Tax: 0.00; REFNO: 600011; DESCR: not pay; Owner Code: NMEMO; Owner: 372; Invoice: -1; Creditor Code: ; WHO: DBS
27/07/2011 10:57:02 AM:- Created: 27/07/2011; Acct: 01; Chart: 1001079; $Amount: -109.09; $Tax: 0.00; REFNO: 600011; DESCR: not pay; Owner Code: NMEMO; Owner: 372; Invoice: -1; Creditor Code: ; WHO: DBS
28/07/2011 12:53:27 PM:- Created: 28/07/2011; Acct: 01; Chart: 1000002; $Amount: 1190.00; $Tax: 0.00; REFNO: 34567; DESCR: An invoice; Owner Code: CHEQUE; Owner: 242; Invoice: -1; Creditor Code: ; WHO: DBS
28/07/2011 12:53:27 PM:- Created: 28/07/2011; Acct: 01; Chart: 1001006; $Amount: -640.00; $Tax: 0.00; REFNO: 34567; DESCR: An invoice; Owner Code: CHEQUE; Owner: 242; Invoice: 58; Creditor Code: ; WHO: DBS
28/07/2011 12:53:28 PM:- Created: 28/07/2011; Acct: 01; Chart: 1001005; $Amount: -550.00; $Tax: 0.00; REFNO: 34567; DESCR: An invoice; Owner Code: CHEQUE; Owner: 242; Invoice: 86; Creditor Code: ; WHO: DBS
1/08/2011 3:51:42 PM:- Created: 1/07/2011; Acct: BS; Chart: 1000100; $Amount: 8112.00; $Tax: 811.20; REFNO: LM77; DESCR: Client Bill 3069; Owner Code: NMEMO; Owner: 1124; Invoice: -1; Creditor Code: ; WHO: AES
1/08/2011 3:51:42 PM:- Created: 1/07/2011; Acct: BS; Chart: 1000065; $Amount: -811.20; $Tax: 0.00; REFNO: LM77; DESCR: Client Bill 3069; Owner Code: NMEMO; Owner: 1124; Invoice: -1; Creditor Code: ; WHO: AES
1/08/2011 3:51:42 PM:- Created: 1/07/2011; Acct: BS; Chart: 1000065; $Amount: -8112.00; $Tax: 0.00; REFNO: LM77; DESCR: Client Bill 3069; Owner Code: NMEMO; Owner: 1124; Invoice: -1; Creditor Code: ; WHO: AES
1/08/2011 3:51:43 PM:- Created: 1/07/2011; Acct: BS; Chart: 1000102; $Amount: 811.20; $Tax: 0.00; REFNO: LM77; DESCR: Client Bill 3069; Owner Code: NMEMO; Owner: 1124; Invoice: -1; Creditor Code: ; WHO: AES
2/08/2011 5:37:31 PM:- Created: 8/06/2011; Acct: BS; Chart: 1000066; $Amount: -20027.70; $Tax: 0.00; REFNO: 00035; DESCR: Payment of Bill 3051; Owner Code: RECEIPT; Owner: 827; Invoice: -1; Creditor Code: ; WHO: AES
2/08/2011 5:37:32 PM:- Created: 8/06/2011; Acct: BS; Chart: 1000065; $Amount: 20027.70; $Tax: 0.00; REFNO: 00035; DESCR: Payment of Bill 3051; Owner Code: RECEIPT; Owner: 827; Invoice: -1; Creditor Code: ; WHO: AES
2/08/2011 5:39:14 PM:- Created: 15/07/2011; Acct: BS; Chart: 1000066; $Amount: -6177.60; $Tax: 0.00; REFNO: 00036; DESCR: Payment of Bill 3056; Owner Code: RECEIPT; Owner: 829; Invoice: -1; Creditor Code: ; WHO: AES
2/08/2011 5:39:15 PM:- Created: 15/07/2011; Acct: BS; Chart: 1000065; $Amount: 6177.60; $Tax: 0.00; REFNO: 00036; DESCR: Payment of Bill 3056; Owner Code: RECEIPT; Owner: 829; Invoice: -1; Creditor Code: ; WHO: AES
2/08/2011 5:42:46 PM:- Created: 30/06/2011; Acct: BS; Chart: 1000066; $Amount: -6177.60; $Tax: 0.00; REFNO: 00037; DESCR: Payment of Bill 3049; Owner Code: RECEIPT; Owner: 831; Invoice: -1; Creditor Code: ; WHO: AES
2/08/2011 5:42:47 PM:- Created: 30/06/2011; Acct: BS; Chart: 1000065; $Amount: 6177.60; $Tax: 0.00; REFNO: 00037; DESCR: Payment of Bill 3049; Owner Code: RECEIPT; Owner: 831; Invoice: -1; Creditor Code: ; WHO: AES
2/08/2011 5:44:02 PM:- Created: 1/07/2011; Acct: BS; Chart: 1000124; $Amount: 220.00; $Tax: 22.00; REFNO: WHIT012; DESCR: Client Bill 3058; Owner Code: NMEMO; Owner: 1112; Invoice: -1; Creditor Code: ; WHO: AES
2/08/2011 5:44:03 PM:- Created: 1/07/2011; Acct: BS; Chart: 1000065; $Amount: -22.00; $Tax: 0.00; REFNO: WHIT012; DESCR: Client Bill 3058; Owner Code: NMEMO; Owner: 1112; Invoice: -1; Creditor Code: ; WHO: AES
2/08/2011 5:44:03 PM:- Created: 1/07/2011; Acct: BS; Chart: 1000065; $Amount: -220.00; $Tax: 0.00; REFNO: WHIT012; DESCR: Client Bill 3058; Owner Code: NMEMO; Owner: 1112; Invoice: -1; Creditor Code: ; WHO: AES
2/08/2011 5:44:03 PM:- Created: 1/07/2011; Acct: BS; Chart: 1000102; $Amount: 22.00; $Tax: 0.00; REFNO: WHIT012; DESCR: Client Bill 3058; Owner Code: NMEMO; Owner: 1112; Invoice: -1; Creditor Code: ; WHO: AES
2/08/2011 5:45:34 PM:- Created: 2/08/2011; Acct: BS; Chart: 1000066; $Amount: -242.00; $Tax: 0.00; REFNO: 00038; DESCR: Payment of Bill 3058; Owner Code: RECEIPT; Owner: 833; Invoice: -1; Creditor Code: ; WHO: AES
2/08/2011 5:45:34 PM:- Created: 2/08/2011; Acct: BS; Chart: 1000065; $Amount: 242.00; $Tax: 0.00; REFNO: 00038; DESCR: Payment of Bill 3058; Owner Code: RECEIPT; Owner: 833; Invoice: -1; Creditor Code: ; WHO: AES
2/08/2011 5:48:14 PM:- Created: 1/07/2011; Acct: BS; Chart: 1000100; $Amount: 2314.00; $Tax: 231.40; REFNO: 261; DESCR: Client Bill 3055; Owner Code: NMEMO; Owner: 1109; Invoice: -1; Creditor Code: ; WHO: AES
2/08/2011 5:48:14 PM:- Created: 1/07/2011; Acct: BS; Chart: 1000065; $Amount: -231.40; $Tax: 0.00; REFNO: 261; DESCR: Client Bill 3055; Owner Code: NMEMO; Owner: 1109; Invoice: -1; Creditor Code: ; WHO: AES
2/08/2011 5:48:14 PM:- Created: 1/07/2011; Acct: BS; Chart: 1000065; $Amount: -2314.00; $Tax: 0.00; REFNO: 261; DESCR: Client Bill 3055; Owner Code: NMEMO; Owner: 1109; Invoice: -1; Creditor Code: ; WHO: AES
2/08/2011 5:48:15 PM:- Created: 1/07/2011; Acct: BS; Chart: 1000102; $Amount: 231.40; $Tax: 0.00; REFNO: 261; DESCR: Client Bill 3055; Owner Code: NMEMO; Owner: 1109; Invoice: -1; Creditor Code: ; WHO: AES
2/08/2011 5:48:54 PM:- Created: 2/08/2011; Acct: BS; Chart: 1000066; $Amount: -2545.40; $Tax: 0.00; REFNO: 00039; DESCR: Payment of Bill 3055; Owner Code: RECEIPT; Owner: 835; Invoice: -1; Creditor Code: ; WHO: AES
2/08/2011 5:48:55 PM:- Created: 2/08/2011; Acct: BS; Chart: 1000065; $Amount: 2545.40; $Tax: 0.00; REFNO: 00039; DESCR: Payment of Bill 3055; Owner Code: RECEIPT; Owner: 835; Invoice: -1; Creditor Code: ; WHO: AES
2/08/2011 5:51:14 PM:- Created: 28/07/2011; Acct: BS; Chart: 1000100; $Amount: 9000.00; $Tax: 900.00; REFNO: 722; DESCR: Client Bill 3067; Owner Code: NMEMO; Owner: 1121; Invoice: -1; Creditor Code: ; WHO: AES
2/08/2011 5:51:14 PM:- Created: 28/07/2011; Acct: BS; Chart: 1000065; $Amount: -900.00; $Tax: 0.00; REFNO: 722; DESCR: Client Bill 3067; Owner Code: NMEMO; Owner: 1121; Invoice: -1; Creditor Code: ; WHO: AES
2/08/2011 5:51:15 PM:- Created: 28/07/2011; Acct: BS; Chart: 1000065; $Amount: -9000.00; $Tax: 0.00; REFNO: 722; DESCR: Client Bill 3067; Owner Code: NMEMO; Owner: 1121; Invoice: -1; Creditor Code: ; WHO: AES
2/08/2011 5:51:15 PM:- Created: 28/07/2011; Acct: BS; Chart: 1000102; $Amount: 900.00; $Tax: 0.00; REFNO: 722; DESCR: Client Bill 3067; Owner Code: NMEMO; Owner: 1121; Invoice: -1; Creditor Code: ; WHO: AES
2/08/2011 5:51:48 PM:- Created: 2/08/2011; Acct: BS; Chart: 1000066; $Amount: -9900.00; $Tax: 0.00; REFNO: 00040; DESCR: Payment of Bill 3067; Owner Code: RECEIPT; Owner: 837; Invoice: -1; Creditor Code: ; WHO: AES
2/08/2011 5:51:49 PM:- Created: 2/08/2011; Acct: BS; Chart: 1000065; $Amount: 9900.00; $Tax: 0.00; REFNO: 00040; DESCR: Payment of Bill 3067; Owner Code: RECEIPT; Owner: 837; Invoice: -1; Creditor Code: ; WHO: AES
2/08/2011 5:53:02 PM:- Created: 1/07/2011; Acct: BS; Chart: 1000124; $Amount: 550.00; $Tax: 55.00; REFNO: 291; DESCR: Client Bill 3065; Owner Code: NMEMO; Owner: 1119; Invoice: -1; Creditor Code: ; WHO: AES
2/08/2011 5:53:02 PM:- Created: 1/07/2011; Acct: BS; Chart: 1000065; $Amount: -55.00; $Tax: 0.00; REFNO: 291; DESCR: Client Bill 3065; Owner Code: NMEMO; Owner: 1119; Invoice: -1; Creditor Code: ; WHO: AES
2/08/2011 5:53:02 PM:- Created: 1/07/2011; Acct: BS; Chart: 1000065; $Amount: -550.00; $Tax: 0.00; REFNO: 291; DESCR: Client Bill 3065; Owner Code: NMEMO; Owner: 1119; Invoice: -1; Creditor Code: ; WHO: AES
2/08/2011 5:53:03 PM:- Created: 1/07/2011; Acct: BS; Chart: 1000102; $Amount: 55.00; $Tax: 0.00; REFNO: 291; DESCR: Client Bill 3065; Owner Code: NMEMO; Owner: 1119; Invoice: -1; Creditor Code: ; WHO: AES
2/08/2011 5:53:51 PM:- Created: 7/07/2011; Acct: BS; Chart: 1000066; $Amount: -605.00; $Tax: 0.00; REFNO: 00041; DESCR: Payment of Bill 3065; Owner Code: RECEIPT; Owner: 839; Invoice: -1; Creditor Code: ; WHO: AES
2/08/2011 5:53:51 PM:- Created: 7/07/2011; Acct: BS; Chart: 1000065; $Amount: 605.00; $Tax: 0.00; REFNO: 00041; DESCR: Payment of Bill 3065; Owner Code: RECEIPT; Owner: 839; Invoice: -1; Creditor Code: ; WHO: AES
2/08/2011 5:54:39 PM:- Created: 3/06/2011; Acct: BS; Chart: 1000124; $Amount: 550.00; $Tax: 55.00; REFNO: 291; DESCR: Client Bill 3047; Owner Code: NMEMO; Owner: 1097; Invoice: -1; Creditor Code: ; WHO: AES
2/08/2011 5:54:39 PM:- Created: 3/06/2011; Acct: BS; Chart: 1000065; $Amount: -55.00; $Tax: 0.00; REFNO: 291; DESCR: Client Bill 3047; Owner Code: NMEMO; Owner: 1097; Invoice: -1; Creditor Code: ; WHO: AES
2/08/2011 5:54:39 PM:- Created: 3/06/2011; Acct: BS; Chart: 1000065; $Amount: -550.00; $Tax: 0.00; REFNO: 291; DESCR: Client Bill 3047; Owner Code: NMEMO; Owner: 1097; Invoice: -1; Creditor Code: ; WHO: AES
2/08/2011 5:54:40 PM:- Created: 3/06/2011; Acct: BS; Chart: 1000102; $Amount: 55.00; $Tax: 0.00; REFNO: 291; DESCR: Client Bill 3047; Owner Code: NMEMO; Owner: 1097; Invoice: -1; Creditor Code: ; WHO: AES
2/08/2011 5:55:03 PM:- Created: 2/08/2011; Acct: BS; Chart: 1000066; $Amount: -605.00; $Tax: 0.00; REFNO: 00042; DESCR: Payment of Bill 3047; Owner Code: RECEIPT; Owner: 841; Invoice: -1; Creditor Code: ; WHO: AES
2/08/2011 5:55:04 PM:- Created: 2/08/2011; Acct: BS; Chart: 1000065; $Amount: 605.00; $Tax: 0.00; REFNO: 00042; DESCR: Payment of Bill 3047; Owner Code: RECEIPT; Owner: 841; Invoice: -1; Creditor Code: ; WHO: AES
2/08/2011 5:56:07 PM:- Created: 14/06/2011; Acct: BS; Chart: 1000066; $Amount: -8200.50; $Tax: 0.00; REFNO: 00043; DESCR: Payment of Bill 3053; Owner Code: RECEIPT; Owner: 843; Invoice: -1; Creditor Code: ; WHO: AES
2/08/2011 5:56:07 PM:- Created: 14/06/2011; Acct: BS; Chart: 1000065; $Amount: 8200.50; $Tax: 0.00; REFNO: 00043; DESCR: Payment of Bill 3053; Owner Code: RECEIPT; Owner: 843; Invoice: -1; Creditor Code: ; WHO: AES
2/08/2011 5:57:13 PM:- Created: 2/08/2011; Acct: BS; Chart: 1000066; $Amount: -8923.20; $Tax: 0.00; REFNO: 00044; DESCR: Payment of Bill 3050; Owner Code: RECEIPT; Owner: 845; Invoice: -1; Creditor Code: ; WHO: AES
2/08/2011 5:57:13 PM:- Created: 2/08/2011; Acct: BS; Chart: 1000065; $Amount: 8923.20; $Tax: 0.00; REFNO: 00044; DESCR: Payment of Bill 3050; Owner Code: RECEIPT; Owner: 845; Invoice: -1; Creditor Code: ; WHO: AES
2/08/2011 5:58:32 PM:- Created: 27/05/2011; Acct: BS; Chart: 1000066; $Amount: -4392.30; $Tax: 0.00; REFNO: 00045; DESCR: Payment of Bill 3042; Owner Code: RECEIPT; Owner: 847; Invoice: -1; Creditor Code: ; WHO: AES
2/08/2011 5:58:33 PM:- Created: 27/05/2011; Acct: BS; Chart: 1000065; $Amount: 4392.30; $Tax: 0.00; REFNO: 00045; DESCR: Payment of Bill 3042; Owner Code: RECEIPT; Owner: 847; Invoice: -1; Creditor Code: ; WHO: AES
2/08/2011 5:59:23 PM:- Created: 2/05/2011; Acct: BS; Chart: 1000124; $Amount: 696.67; $Tax: 0.00; REFNO: BF04; DESCR: Client Bill 3043; Owner Code: NMEMO; Owner: 1092; Invoice: -1; Creditor Code: ; WHO: AES
2/08/2011 5:59:24 PM:- Created: 2/05/2011; Acct: BS; Chart: 1000065; $Amount: -696.67; $Tax: 0.00; REFNO: BF04; DESCR: Client Bill 3043; Owner Code: NMEMO; Owner: 1092; Invoice: -1; Creditor Code: ; WHO: AES
2/08/2011 6:01:47 PM:- Created: 2/08/2011; Acct: BS; Chart: 1000066; $Amount: -9164.67; $Tax: 0.00; REFNO: 00046; DESCR: Payment of Bill 3044; Owner Code: RECEIPT; Owner: 849; Invoice: -1; Creditor Code: ; WHO: AES
2/08/2011 6:01:47 PM:- Created: 2/08/2011; Acct: BS; Chart: 1000065; $Amount: 8468.00; $Tax: 0.00; REFNO: 00046; DESCR: Payment of Bill 3044; Owner Code: RECEIPT; Owner: 849; Invoice: -1; Creditor Code: ; WHO: AES
2/08/2011 6:01:48 PM:- Created: 2/08/2011; Acct: BS; Chart: 1000065; $Amount: 696.67; $Tax: 0.00; REFNO: 00046; DESCR: Payment of Bill 3043; Owner Code: RECEIPT; Owner: 849; Invoice: -1; Creditor Code: ; WHO: AES
2/08/2011 6:07:05 PM:- Created: 1/07/2011; Acct: BS; Chart: 1000100; $Amount: 8491.00; $Tax: 0.00; REFNO: BF04; DESCR: Client Bill 3054; Owner Code: NMEMO; Owner: 1108; Invoice: -1; Creditor Code: ; WHO: AES
2/08/2011 6:07:05 PM:- Created: 1/07/2011; Acct: BS; Chart: 1000065; $Amount: -8491.00; $Tax: 0.00; REFNO: BF04; DESCR: Client Bill 3054; Owner Code: NMEMO; Owner: 1108; Invoice: -1; Creditor Code: ; WHO: AES
2/08/2011 6:07:33 PM:- Created: 1/07/2011; Acct: BS; Chart: 1000124; $Amount: 220.00; $Tax: 22.00; REFNO: 281; DESCR: Client Bill 3062; Owner Code: NMEMO; Owner: 1116; Invoice: -1; Creditor Code: ; WHO: AES
2/08/2011 6:07:33 PM:- Created: 1/07/2011; Acct: BS; Chart: 1000065; $Amount: -22.00; $Tax: 0.00; REFNO: 281; DESCR: Client Bill 3062; Owner Code: NMEMO; Owner: 1116; Invoice: -1; Creditor Code: ; WHO: AES
2/08/2011 6:07:33 PM:- Created: 1/07/2011; Acct: BS; Chart: 1000065; $Amount: -220.00; $Tax: 0.00; REFNO: 281; DESCR: Client Bill 3062; Owner Code: NMEMO; Owner: 1116; Invoice: -1; Creditor Code: ; WHO: AES
2/08/2011 6:07:34 PM:- Created: 1/07/2011; Acct: BS; Chart: 1000102; $Amount: 22.00; $Tax: 0.00; REFNO: 281; DESCR: Client Bill 3062; Owner Code: NMEMO; Owner: 1116; Invoice: -1; Creditor Code: ; WHO: AES
2/08/2011 6:07:59 PM:- Created: 1/07/2011; Acct: BS; Chart: 1000100; $Amount: 1320.00; $Tax: 0.00; REFNO: BF04; DESCR: Client Bill 3066; Owner Code: NMEMO; Owner: 1120; Invoice: -1; Creditor Code: ; WHO: AES
2/08/2011 6:08:00 PM:- Created: 1/07/2011; Acct: BS; Chart: 1000065; $Amount: -1320.00; $Tax: 0.00; REFNO: BF04; DESCR: Client Bill 3066; Owner Code: NMEMO; Owner: 1120; Invoice: -1; Creditor Code: ; WHO: AES
2/08/2011 6:08:21 PM:- Created: 1/07/2011; Acct: BS; Chart: 1000124; $Amount: 440.00; $Tax: 44.00; REFNO: LM77; DESCR: Client Bill 3064; Owner Code: NMEMO; Owner: 1118; Invoice: -1; Creditor Code: ; WHO: AES
2/08/2011 6:08:22 PM:- Created: 1/07/2011; Acct: BS; Chart: 1000065; $Amount: -44.00; $Tax: 0.00; REFNO: LM77; DESCR: Client Bill 3064; Owner Code: NMEMO; Owner: 1118; Invoice: -1; Creditor Code: ; WHO: AES
2/08/2011 6:08:22 PM:- Created: 1/07/2011; Acct: BS; Chart: 1000065; $Amount: -440.00; $Tax: 0.00; REFNO: LM77; DESCR: Client Bill 3064; Owner Code: NMEMO; Owner: 1118; Invoice: -1; Creditor Code: ; WHO: AES
2/08/2011 6:08:22 PM:- Created: 1/07/2011; Acct: BS; Chart: 1000102; $Amount: 44.00; $Tax: 0.00; REFNO: LM77; DESCR: Client Bill 3064; Owner Code: NMEMO; Owner: 1118; Invoice: -1; Creditor Code: ; WHO: AES
2/08/2011 6:08:44 PM:- Created: 1/07/2011; Acct: BS; Chart: 1000124; $Amount: 220.00; $Tax: 22.00; REFNO: 451; DESCR: Client Bill 3063; Owner Code: NMEMO; Owner: 1117; Invoice: -1; Creditor Code: ; WHO: AES
2/08/2011 6:08:44 PM:- Created: 1/07/2011; Acct: BS; Chart: 1000065; $Amount: -22.00; $Tax: 0.00; REFNO: 451; DESCR: Client Bill 3063; Owner Code: NMEMO; Owner: 1117; Invoice: -1; Creditor Code: ; WHO: AES
2/08/2011 6:08:44 PM:- Created: 1/07/2011; Acct: BS; Chart: 1000065; $Amount: -220.00; $Tax: 0.00; REFNO: 451; DESCR: Client Bill 3063; Owner Code: NMEMO; Owner: 1117; Invoice: -1; Creditor Code: ; WHO: AES
2/08/2011 6:08:45 PM:- Created: 1/07/2011; Acct: BS; Chart: 1000102; $Amount: 22.00; $Tax: 0.00; REFNO: 451; DESCR: Client Bill 3063; Owner Code: NMEMO; Owner: 1117; Invoice: -1; Creditor Code: ; WHO: AES
2/08/2011 6:09:09 PM:- Created: 1/07/2011; Acct: BS; Chart: 1000124; $Amount: 550.00; $Tax: 0.00; REFNO: BF04; DESCR: Client Bill 3060; Owner Code: NMEMO; Owner: 1114; Invoice: -1; Creditor Code: ; WHO: AES
2/08/2011 6:09:10 PM:- Created: 1/07/2011; Acct: BS; Chart: 1000065; $Amount: -550.00; $Tax: 0.00; REFNO: BF04; DESCR: Client Bill 3060; Owner Code: NMEMO; Owner: 1114; Invoice: -1; Creditor Code: ; WHO: AES
2/08/2011 6:10:13 PM:- Created: 3/06/2011; Acct: BS; Chart: 1000100; $Amount: 1409.09; $Tax: 140.91; REFNO: 451; DESCR: Client Bill 3052; Owner Code: NMEMO; Owner: 1106; Invoice: -1; Creditor Code: ; WHO: AES
2/08/2011 6:10:14 PM:- Created: 3/06/2011; Acct: BS; Chart: 1000065; $Amount: -140.91; $Tax: 0.00; REFNO: 451; DESCR: Client Bill 3052; Owner Code: NMEMO; Owner: 1106; Invoice: -1; Creditor Code: ; WHO: AES
2/08/2011 6:10:14 PM:- Created: 3/06/2011; Acct: BS; Chart: 1000065; $Amount: -1409.09; $Tax: 0.00; REFNO: 451; DESCR: Client Bill 3052; Owner Code: NMEMO; Owner: 1106; Invoice: -1; Creditor Code: ; WHO: AES
2/08/2011 6:10:14 PM:- Created: 3/06/2011; Acct: BS; Chart: 1000102; $Amount: 140.91; $Tax: 0.00; REFNO: 451; DESCR: Client Bill 3052; Owner Code: NMEMO; Owner: 1106; Invoice: -1; Creditor Code: ; WHO: AES
2/08/2011 6:10:29 PM:- Created: 1/08/2011; Acct: BS; Chart: 1000100; $Amount: 5616.00; $Tax: 561.60; REFNO: 116; DESCR: Client Bill 3068; Owner Code: NMEMO; Owner: 1122; Invoice: -1; Creditor Code: ; WHO: AES
2/08/2011 6:10:30 PM:- Created: 1/08/2011; Acct: BS; Chart: 1000065; $Amount: -561.60; $Tax: 0.00; REFNO: 116; DESCR: Client Bill 3068; Owner Code: NMEMO; Owner: 1122; Invoice: -1; Creditor Code: ; WHO: AES
2/08/2011 6:10:30 PM:- Created: 1/08/2011; Acct: BS; Chart: 1000065; $Amount: -5616.00; $Tax: 0.00; REFNO: 116; DESCR: Client Bill 3068; Owner Code: NMEMO; Owner: 1122; Invoice: -1; Creditor Code: ; WHO: AES
2/08/2011 6:10:30 PM:- Created: 1/08/2011; Acct: BS; Chart: 1000102; $Amount: 561.60; $Tax: 0.00; REFNO: 116; DESCR: Client Bill 3068; Owner Code: NMEMO; Owner: 1122; Invoice: -1; Creditor Code: ; WHO: AES
2/08/2011 6:10:43 PM:- Created: 1/08/2011; Acct: BS; Chart: 1000100; $Amount: 8112.00; $Tax: 811.20; REFNO: LM77; DESCR: Client Bill 3070; Owner Code: NMEMO; Owner: 1125; Invoice: -1; Creditor Code: ; WHO: AES
2/08/2011 6:10:44 PM:- Created: 1/08/2011; Acct: BS; Chart: 1000065; $Amount: -811.20; $Tax: 0.00; REFNO: LM77; DESCR: Client Bill 3070; Owner Code: NMEMO; Owner: 1125; Invoice: -1; Creditor Code: ; WHO: AES
2/08/2011 6:10:44 PM:- Created: 1/08/2011; Acct: BS; Chart: 1000065; $Amount: -8112.00; $Tax: 0.00; REFNO: LM77; DESCR: Client Bill 3070; Owner Code: NMEMO; Owner: 1125; Invoice: -1; Creditor Code: ; WHO: AES
2/08/2011 6:10:44 PM:- Created: 1/08/2011; Acct: BS; Chart: 1000102; $Amount: 811.20; $Tax: 0.00; REFNO: LM77; DESCR: Client Bill 3070; Owner Code: NMEMO; Owner: 1125; Invoice: -1; Creditor Code: ; WHO: AES
2/08/2011 6:10:58 PM:- Created: 1/08/2011; Acct: BS; Chart: 1000100; $Amount: 3993.00; $Tax: 399.30; REFNO: WHIT012; DESCR: Client Bill 3071; Owner Code: NMEMO; Owner: 1126; Invoice: -1; Creditor Code: ; WHO: AES
2/08/2011 6:10:59 PM:- Created: 1/08/2011; Acct: BS; Chart: 1000065; $Amount: -399.30; $Tax: 0.00; REFNO: WHIT012; DESCR: Client Bill 3071; Owner Code: NMEMO; Owner: 1126; Invoice: -1; Creditor Code: ; WHO: AES
2/08/2011 6:10:59 PM:- Created: 1/08/2011; Acct: BS; Chart: 1000065; $Amount: -3993.00; $Tax: 0.00; REFNO: WHIT012; DESCR: Client Bill 3071; Owner Code: NMEMO; Owner: 1126; Invoice: -1; Creditor Code: ; WHO: AES
2/08/2011 6:11:00 PM:- Created: 1/08/2011; Acct: BS; Chart: 1000102; $Amount: 399.30; $Tax: 0.00; REFNO: WHIT012; DESCR: Client Bill 3071; Owner Code: NMEMO; Owner: 1126; Invoice: -1; Creditor Code: ; WHO: AES
2/08/2011 6:11:22 PM:- Created: 1/08/2011; Acct: BS; Chart: 1000124; $Amount: 330.00; $Tax: 33.00; REFNO: NOD05; DESCR: Client Bill 3072; Owner Code: NMEMO; Owner: 1127; Invoice: -1; Creditor Code: ; WHO: AES
2/08/2011 6:11:23 PM:- Created: 1/08/2011; Acct: BS; Chart: 1000065; $Amount: -33.00; $Tax: 0.00; REFNO: NOD05; DESCR: Client Bill 3072; Owner Code: NMEMO; Owner: 1127; Invoice: -1; Creditor Code: ; WHO: AES
2/08/2011 6:11:23 PM:- Created: 1/08/2011; Acct: BS; Chart: 1000065; $Amount: -330.00; $Tax: 0.00; REFNO: NOD05; DESCR: Client Bill 3072; Owner Code: NMEMO; Owner: 1127; Invoice: -1; Creditor Code: ; WHO: AES
2/08/2011 6:11:24 PM:- Created: 1/08/2011; Acct: BS; Chart: 1000102; $Amount: 33.00; $Tax: 0.00; REFNO: NOD05; DESCR: Client Bill 3072; Owner Code: NMEMO; Owner: 1127; Invoice: -1; Creditor Code: ; WHO: AES
2/08/2011 6:15:01 PM:- Created: 12/07/2011; Acct: BS; Chart: 1000066; $Amount: -8923.20; $Tax: 0.00; REFNO: 00047; DESCR: Payment of Bill 3069; Owner Code: RECEIPT; Owner: 851; Invoice: -1; Creditor Code: ; WHO: AES
2/08/2011 6:15:02 PM:- Created: 12/07/2011; Acct: BS; Chart: 1000065; $Amount: 8923.20; $Tax: 0.00; REFNO: 00047; DESCR: Payment of Bill 3069; Owner Code: RECEIPT; Owner: 851; Invoice: -1; Creditor Code: ; WHO: AES
2/08/2011 6:16:25 PM:- Created: 12/07/2011; Acct: BS; Chart: 1000066; $Amount: -484.00; $Tax: 0.00; REFNO: 00048; DESCR: Payment of Bill 3064; Owner Code: RECEIPT; Owner: 853; Invoice: -1; Creditor Code: ; WHO: AES
2/08/2011 6:16:26 PM:- Created: 12/07/2011; Acct: BS; Chart: 1000065; $Amount: 484.00; $Tax: 0.00; REFNO: 00048; DESCR: Payment of Bill 3064; Owner Code: RECEIPT; Owner: 853; Invoice: -1; Creditor Code: ; WHO: AES
2/08/2011 6:18:47 PM:- Created: 2/08/2011; Acct: BS; Chart: 1000095; $Amount: -23.00; $Tax: 0.00; REFNO: BF04; DESCR: BF04:FX conversion fee; Owner Code: JOURNAL; Owner: 5; Invoice: -1; Creditor Code: ; WHO: AES
2/08/2011 6:18:48 PM:- Created: 2/08/2011; Acct: BS; Chart: 1000065; $Amount: 23.00; $Tax: 0.00; REFNO: BF04; DESCR: BF04:FX conversion fee; Owner Code: JOURNAL; Owner: 5; Invoice: -1; Creditor Code: ; WHO: AES
2/08/2011 6:21:19 PM:- Created: 14/07/2011; Acct: BS; Chart: 1000066; $Amount: -1847.00; $Tax: 0.00; REFNO: 00049; DESCR: Payment of Bill 3060; Owner Code: RECEIPT; Owner: 855; Invoice: -1; Creditor Code: ; WHO: AES
2/08/2011 6:21:19 PM:- Created: 14/07/2011; Acct: BS; Chart: 1000065; $Amount: 550.00; $Tax: 0.00; REFNO: 00049; DESCR: Payment of Bill 3060; Owner Code: RECEIPT; Owner: 855; Invoice: -1; Creditor Code: ; WHO: AES
2/08/2011 6:21:20 PM:- Created: 14/07/2011; Acct: BS; Chart: 1000065; $Amount: 1297.00; $Tax: 0.00; REFNO: 00049; DESCR: Payment of Bill 3066; Owner Code: RECEIPT; Owner: 855; Invoice: -1; Creditor Code: ; WHO: AES
2/08/2011 6:21:47 PM:- Created: 2/08/2011; Acct: BS; Chart: 1000095; $Amount: -23.00; $Tax: 0.00; REFNO: BF04; DESCR: BF04:FX conversion rate; Owner Code: JOURNAL; Owner: 6; Invoice: -1; Creditor Code: ; WHO: AES
2/08/2011 6:21:47 PM:- Created: 2/08/2011; Acct: BS; Chart: 1000065; $Amount: 23.00; $Tax: 0.00; REFNO: BF04; DESCR: BF04:FX conversion rate; Owner Code: JOURNAL; Owner: 6; Invoice: -1; Creditor Code: ; WHO: AES
2/08/2011 6:24:41 PM:- Created: 6/06/2011; Acct: BA; Chart: 1000023; $Amount: -1800.00; $Tax: 0.00; REFNO: 0176; DESCR: Payment of Bill 11795; Owner Code: RECEIPT; Owner: 857; Invoice: -1; Creditor Code: ; WHO: AES
2/08/2011 6:24:41 PM:- Created: 6/06/2011; Acct: BA; Chart: 101983668999; $Amount: 1800.00; $Tax: 0.00; REFNO: 0176; DESCR: Payment of Bill 11795; Owner Code: RECEIPT; Owner: 857; Invoice: -1; Creditor Code: ; WHO: AES
2/08/2011 6:25:23 PM:- Created: 28/06/2011; Acct: BA; Chart: 1000023; $Amount: -302.50; $Tax: 0.00; REFNO: 0177; DESCR: Payment of Bill 11920; Owner Code: RECEIPT; Owner: 859; Invoice: -1; Creditor Code: ; WHO: AES
2/08/2011 6:25:24 PM:- Created: 28/06/2011; Acct: BA; Chart: 101983668999; $Amount: 302.50; $Tax: 0.00; REFNO: 0177; DESCR: Payment of Bill 11920; Owner Code: RECEIPT; Owner: 859; Invoice: -1; Creditor Code: ; WHO: AES
2/08/2011 6:27:21 PM:- Created: 3/06/2011; Acct: BA; Chart: 10298368; $Amount: 220.00; $Tax: 22.00; REFNO: AND86; DESCR: Client Bill 11919; Owner Code: NMEMO; Owner: 1098; Invoice: -1; Creditor Code: ; WHO: AES
2/08/2011 6:27:21 PM:- Created: 3/06/2011; Acct: BA; Chart: 101983668999; $Amount: -22.00; $Tax: 0.00; REFNO: AND86; DESCR: Client Bill 11919; Owner Code: NMEMO; Owner: 1098; Invoice: -1; Creditor Code: ; WHO: AES
2/08/2011 6:27:22 PM:- Created: 3/06/2011; Acct: BA; Chart: 101983668999; $Amount: -220.00; $Tax: 0.00; REFNO: AND86; DESCR: Client Bill 11919; Owner Code: NMEMO; Owner: 1098; Invoice: -1; Creditor Code: ; WHO: AES
2/08/2011 6:27:22 PM:- Created: 3/06/2011; Acct: BA; Chart: 101984895985; $Amount: 22.00; $Tax: 0.00; REFNO: AND86; DESCR: Client Bill 11919; Owner Code: NMEMO; Owner: 1098; Invoice: -1; Creditor Code: ; WHO: AES
2/08/2011 6:27:57 PM:- Created: 10/06/2011; Acct: BA; Chart: 1000023; $Amount: -242.00; $Tax: 0.00; REFNO: 0178; DESCR: Payment of Bill 11919; Owner Code: RECEIPT; Owner: 861; Invoice: -1; Creditor Code: ; WHO: AES
2/08/2011 6:27:58 PM:- Created: 10/06/2011; Acct: BA; Chart: 101983668999; $Amount: 242.00; $Tax: 0.00; REFNO: 0178; DESCR: Payment of Bill 11919; Owner Code: RECEIPT; Owner: 861; Invoice: -1; Creditor Code: ; WHO: AES
2/08/2011 6:29:28 PM:- Created: 21/04/2011; Acct: BA; Chart: 1000023; $Amount: -302.50; $Tax: 0.00; REFNO: 0179; DESCR: Payment of Bill 11916; Owner Code: RECEIPT; Owner: 863; Invoice: -1; Creditor Code: ; WHO: AES
2/08/2011 6:29:29 PM:- Created: 21/04/2011; Acct: BA; Chart: 101983668999; $Amount: 302.50; $Tax: 0.00; REFNO: 0179; DESCR: Payment of Bill 11916; Owner Code: RECEIPT; Owner: 863; Invoice: -1; Creditor Code: ; WHO: AES
2/08/2011 6:33:28 PM:- Created: 24/05/2011; Acct: BS; Chart: 1000066; $Amount: -3960.00; $Tax: 0.00; REFNO: 00050; DESCR: Payment of Bill 3037; Owner Code: RECEIPT; Owner: 865; Invoice: -1; Creditor Code: ; WHO: AES
2/08/2011 6:33:28 PM:- Created: 24/05/2011; Acct: BS; Chart: 1000065; $Amount: 3960.00; $Tax: 0.00; REFNO: 00050; DESCR: Payment of Bill 3037; Owner Code: RECEIPT; Owner: 865; Invoice: -1; Creditor Code: ; WHO: AES
2/08/2011 6:35:38 PM:- Created: 4/05/2011; Acct: BS; Chart: 1000066; $Amount: -9287.30; $Tax: 0.00; REFNO: 00051; DESCR: Payment of Bill 3022; Owner Code: RECEIPT; Owner: 867; Invoice: -1; Creditor Code: ; WHO: AES
2/08/2011 6:35:39 PM:- Created: 4/05/2011; Acct: BS; Chart: 1000065; $Amount: 9287.30; $Tax: 0.00; REFNO: 00051; DESCR: Payment of Bill 3022; Owner Code: RECEIPT; Owner: 867; Invoice: -1; Creditor Code: ; WHO: AES
